Mono path[0] = 'E:/SteamLibrary/steamapps/common/Catch Me If You Can Playtest/CatchMeIfYouCan_Data/Managed'
Mono config path = 'E:/SteamLibrary/steamapps/common/Catch Me If You Can Playtest/MonoBleedingEdge/etc'
Initialize engine version: 2019.4.3f1 (f880dceab6fe)
[Subsystems] Discovering subsystems at path E:/SteamLibrary/steamapps/common/Catch Me If You Can Playtest/CatchMeIfYouCan_Data/UnitySubsystems
GfxDevice: creating device client; threaded=1
Direct3D:
    Version:  Direct3D 11.0 [level 11.1]
    Renderer: NVIDIA GeForce RTX 2080 (ID=0x1e87)
    Vendor:   
    VRAM:     8010 MB
    Driver:   27.21.14.6140
Begin MonoManager ReloadAssembly
- Completed reload, in  0.101 seconds
D3D11 device created for Microsoft Media Foundation video decoding.
<RI> Initializing input.
<RI> Input initialized.
<RI> Initialized touch support.
UnloadTime: 0.363100 ms
CommandBuffer: temporary render texture _BloomMipDown0 not found while executing Render PostProcessing Effects (Blit destination) 
(Filename:  Line: 0)

CommandBuffer: temporary render texture _BloomMipUp0 not found while executing Render PostProcessing Effects (SetGlobalTexture) 
(Filename:  Line: 0)

D3D11: Failed to create RenderTexture (0 x 0 fmt 27 aa 1), error 0x80070057 
(Filename:  Line: 207)

D3D11: Failed to create RenderTexture (0 x 0 fmt 19 aa 1), error 0x80070057 
(Filename:  Line: 207)

CommandBuffer: temporary render texture _CameraColorTexture not found while executing Set RenderTarget (SetRenderTarget color buffer) 
(Filename:  Line: 0)

CommandBuffer: temporary render texture _CameraDepthAttachment not found while executing Set RenderTarget (SetRenderTarget depth buffer) 
(Filename:  Line: 0)

CommandBuffer: temporary render texture _CameraDepthTexture not found while executing Set RenderTarget (SetRenderTarget) 
(Filename:  Line: 0)

CommandBuffer: temporary render texture _CameraDepthAttachment not found while executing Copy Depth (SetGlobalTexture) 
(Filename:  Line: 0)

CommandBuffer: temporary render texture _InputTex not found while executing HBAO (SetRenderTarget) 
(Filename:  Line: 0)

CommandBuffer: temporary render texture _CameraColorTexture not found while executing HBAO (Blit source) 
(Filename:  Line: 0)

CommandBuffer: temporary render texture _InputTex not found while executing HBAO (Blit destination) 
(Filename:  Line: 0)

CommandBuffer: temporary render texture _HBAOTex not found while executing HBAO (SetRenderTarget) 
(Filename:  Line: 0)

CommandBuffer: temporary render texture _InputTex not found while executing HBAO (Blit source) 
(Filename:  Line: 0)

CommandBuffer: temporary render texture _HBAOTex not found while executing HBAO (Blit destination) 
(Filename:  Line: 0)

CommandBuffer: temporary render texture _TempTex not found while executing HBAO (SetRenderTarget) 
(Filename:  Line: 0)

CommandBuffer: temporary render texture _HBAOTex not found while executing HBAO (Blit source) 
(Filename:  Line: 0)

CommandBuffer: temporary render texture _TempTex not found while executing HBAO (Blit destination) 
(Filename:  Line: 0)

CommandBuffer: temporary render texture _TempTex not found while executing HBAO (Blit source) 
(Filename:  Line: 0)

CommandBuffer: temporary render texture _CameraColorTexture not found while executing HBAO (SetRenderTarget) 
(Filename:  Line: 0)

CommandBuffer: temporary render texture _CameraColorTexture not found while executing HBAO (Blit destination) 
(Filename:  Line: 0)

CommandBuffer: temporary render texture _CameraOpaqueTexture not found while executing Copy Color (SetRenderTarget) 
(Filename:  Line: 0)

CommandBuffer: temporary render texture _CameraColorTexture not found while executing Copy Color (Blit source) 
(Filename:  Line: 0)

CommandBuffer: temporary render texture _CameraOpaqueTexture not found while executing Copy Color (Blit destination) 
(Filename:  Line: 0)

CommandBuffer: temporary render texture _EdgeTexture not found while executing Render PostProcessing Effects (SetRenderTarget color buffer) 
(Filename:  Line: 0)

CommandBuffer: temporary render texture _CameraDepthAttachment not found while executing Render PostProcessing Effects (SetRenderTarget depth buffer) 
(Filename:  Line: 0)

CommandBuffer: temporary render texture _CameraColorTexture not found while executing Render PostProcessing Effects (SetGlobalTexture) 
(Filename:  Line: 0)

CommandBuffer: temporary render texture _BlendTexture not found while executing Render PostProcessing Effects (SetRenderTarget color buffer) 
(Filename:  Line: 0)

CommandBuffer: temporary render texture _EdgeTexture not found while executing Render PostProcessing Effects (SetGlobalTexture) 
(Filename:  Line: 0)

CommandBuffer: temporary render texture _TempTarget not found while executing Render PostProcessing Effects (SetRenderTarget) 
(Filename:  Line: 0)

CommandBuffer: temporary render texture _BlendTexture not found while executing Render PostProcessing Effects (SetGlobalTexture) 
(Filename:  Line: 0)

CommandBuffer: temporary render texture _TempTarget not found while executing Render PostProcessing Effects (Blit source) 
(Filename:  Line: 0)

CommandBuffer: temporary render texture _TempTarget not found while executing Render PostProcessing Effects (SetGlobalTexture) 
(Filename:  Line: 0)

Crash!!!
SymInit: Symbol-SearchPath: '.;E:\SteamLibrary\steamapps\common\Catch Me If You Can Playtest;E:\SteamLibrary\steamapps\common\Catch Me If You Can Playtest;C:\WINDOWS;C:\WINDOWS\system32;SRV*C:\websymbols*http://msdl.microsoft.com/download/symbols;', symOptions: 534, UserName: 'Vincent (VisTeR)'
OS-Version: 10.0.0
E:\SteamLibrary\steamapps\common\Catch Me If You Can Playtest\CatchMeIfYouCan.exe:CatchMeIfYouCan.exe (00007FF7AAEB0000), size: 667648 (result: 0), SymType: '-deferred-', PDB: '', fileVersion: 2019.4.3.32988
C:\WINDOWS\SYSTEM32\ntdll.dll:ntdll.dll (00007FF857C80000), size: 2031616 (result: 0), SymType: '-deferred-', PDB: '', fileVersion: 10.0.18362.1350
C:\WINDOWS\System32\KERNEL32.DLL:KERNEL32.DLL (00007FF8561A0000), size: 729088 (result: 0), SymType: '-deferred-', PDB: '', fileVersion: 10.0.18362.1350
C:\WINDOWS\System32\KERNELBASE.dll:KERNELBASE.dll (00007FF854F60000), size: 2772992 (result: 0), SymType: '-deferred-', PDB: '', fileVersion: 10.0.18362.1350
E:\SteamLibrary\steamapps\common\Catch Me If You Can Playtest\UnityPlayer.dll:UnityPlayer.dll (00007FFFCCFA0000), size: 26812416 (result: 0), SymType: '-deferred-', PDB: '', fileVersion: 2019.4.3.32988
C:\WINDOWS\System32\USER32.dll:USER32.dll (00007FF8565B0000), size: 1654784 (result: 0), SymType: '-deferred-', PDB: '', fileVersion: 10.0.18362.1316
C:\WINDOWS\System32\win32u.dll:win32u.dll (00007FF855380000), size: 135168 (result: 0), SymType: '-deferred-', PDB: '', fileVersion: 10.0.18362.1350
C:\WINDOWS\System32\GDI32.dll:GDI32.dll (00007FF856910000), size: 155648 (result: 0), SymType: '-deferred-', PDB: '', fileVersion: 10.0.18362.1316
C:\WINDOWS\System32\gdi32full.dll:gdi32full.dll (00007FF855B90000), size: 1671168 (result: 0), SymType: '-deferred-', PDB: '', fileVersion: 10.0.18362.1316
C:\WINDOWS\System32\msvcp_win.dll:msvcp_win.dll (00007FF854D50000), size: 647168 (result: 0), SymType: '-deferred-', PDB: '', fileVersion: 10.0.18362.1110
C:\WINDOWS\System32\ucrtbase.dll:ucrtbase.dll (00007FF854DF0000), size: 1024000 (result: 0), SymType: '-deferred-', PDB: '', fileVersion: 10.0.18362.1110
C:\WINDOWS\System32\ole32.dll:ole32.dll (00007FF856750000), size: 1404928 (result: 0), SymType: '-deferred-', PDB: '', fileVersion: 10.0.18362.1316
C:\WINDOWS\SYSTEM32\VERSION.dll:VERSION.dll (00007FF84DD00000), size: 40960 (result: 0), SymType: '-deferred-', PDB: '', fileVersion: 10.0.18362.1
C:\WINDOWS\System32\combase.dll:combase.dll (00007FF857030000), size: 3371008 (result: 0), SymType: '-deferred-', PDB: '', fileVersion: 10.0.18362.1316
C:\WINDOWS\System32\msvcrt.dll:msvcrt.dll (00007FF856260000), size: 647168 (result: 0), SymType: '-deferred-', PDB: '', fileVersion: 7.0.18362.1
C:\WINDOWS\System32\RPCRT4.dll:RPCRT4.dll (00007FF856490000), size: 1175552 (result: 0), SymType: '-deferred-', PDB: '', fileVersion: 10.0.18362.1316
C:\WINDOWS\System32\bcryptPrimitives.dll:bcryptPrimitives.dll (00007FF855210000), size: 528384 (result: 0), SymType: '-deferred-', PDB: '', fileVersion: 10.0.18362.1237
C:\WINDOWS\System32\advapi32.dll:advapi32.dll (00007FF8563E0000), size: 667648 (result: 0), SymType: '-deferred-', PDB: '', fileVersion: 10.0.18362.752
C:\WINDOWS\System32\sechost.dll:sechost.dll (00007FF857480000), size: 618496 (result: 0), SymType: '-deferred-', PDB: '', fileVersion: 10.0.18362.1316
C:\WINDOWS\System32\SHLWAPI.dll:SHLWAPI.dll (00007FF857370000), size: 335872 (result: 0), SymType: '-deferred-', PDB: '', fileVersion: 10.0.18362.1316
C:\WINDOWS\System32\SETUPAPI.dll:SETUPAPI.dll (00007FF855D30000), size: 4653056 (result: 0), SymType: '-deferred-', PDB: '', fileVersion: 10.0.18362.1
C:\WINDOWS\System32\cfgmgr32.dll:cfgmgr32.dll (00007FF854F10000), size: 303104 (result: 0), SymType: '-deferred-', PDB: '', fileVersion: 10.0.18362.387
C:\WINDOWS\System32\bcrypt.dll:bcrypt.dll (00007FF855350000), size: 155648 (result: 0), SymType: '-deferred-', PDB: '', fileVersion: 10.0.18362.1237
C:\WINDOWS\System32\SHELL32.dll:SHELL32.dll (00007FF857520000), size: 7241728 (result: 0), SymType: '-deferred-', PDB: '', fileVersion: 10.0.18362.1350
C:\WINDOWS\System32\shcore.dll:shcore.dll (00007FF8573D0000), size: 684032 (result: 0), SymType: '-deferred-', PDB: '', fileVersion: 10.0.18362.1316
C:\WINDOWS\System32\windows.storage.dll:windows.storage.dll (00007FF8553B0000), size: 7843840 (result: 0), SymType: '-deferred-', PDB: '', fileVersion: 10.0.18362.1350
C:\WINDOWS\System32\profapi.dll:profapi.dll (00007FF854BD0000), size: 143360 (result: 0), SymType: '-deferred-', PDB: '', fileVersion: 10.0.18362.693
C:\WINDOWS\System32\powrprof.dll:powrprof.dll (00007FF854B80000), size: 303104 (result: 0), SymType: '-deferred-', PDB: '', fileVersion: 10.0.18362.1
C:\WINDOWS\System32\UMPDC.dll:UMPDC.dll (00007FF854B30000), size: 65536 (result: 0), SymType: '-deferred-', PDB: ''
C:\WINDOWS\System32\kernel.appcore.dll:kernel.appcore.dll (00007FF854B40000), size: 69632 (result: 0), SymType: '-deferred-', PDB: '', fileVersion: 10.0.18362.1171
C:\WINDOWS\System32\cryptsp.dll:cryptsp.dll (00007FF854EF0000), size: 94208 (result: 0), SymType: '-deferred-', PDB: '', fileVersion: 10.0.18362.1
C:\WINDOWS\System32\OLEAUT32.dll:OLEAUT32.dll (00007FF856D30000), size: 806912 (result: 0), SymType: '-deferred-', PDB: '', fileVersion: 10.0.18362.1110
C:\WINDOWS\System32\IMM32.dll:IMM32.dll (00007FF857C10000), size: 188416 (result: 0), SymType: '-deferred-', PDB: '', fileVersion: 10.0.18362.387
C:\WINDOWS\SYSTEM32\WINMM.dll:WINMM.dll (00007FF84B5D0000), size: 147456 (result: 0), SymType: '-deferred-', PDB: '', fileVersion: 10.0.18362.1
C:\WINDOWS\SYSTEM32\OPENGL32.dll:OPENGL32.dll (00007FFFF3C80000), size: 1400832 (result: 0), SymType: '-deferred-', PDB: '', fileVersion: 10.0.18362.387
C:\WINDOWS\System32\CRYPT32.dll:CRYPT32.dll (00007FF854C00000), size: 1351680 (result: 0), SymType: '-deferred-', PDB: '', fileVersion: 10.0.18362.1316
C:\WINDOWS\SYSTEM32\HID.DLL:HID.DLL (00007FF8536F0000), size: 57344 (result: 0), SymType: '-deferred-', PDB: '', fileVersion: 10.0.18362.1
C:\WINDOWS\SYSTEM32\WINHTTP.dll:WINHTTP.dll (00007FF84FA80000), size: 983040 (result: 0), SymType: '-deferred-', PDB: '', fileVersion: 10.0.18362.778
C:\WINDOWS\SYSTEM32\WINMMBASE.dll:WINMMBASE.dll (00007FF84B4B0000), size: 184320 (result: 0), SymType: '-deferred-', PDB: '', fileVersion: 10.0.18362.1
C:\WINDOWS\System32\MSASN1.dll:MSASN1.dll (00007FF854B60000), size: 73728 (result: 0), SymType: '-deferred-', PDB: '', fileVersion: 10.0.18362.1
C:\WINDOWS\System32\WS2_32.dll:WS2_32.dll (00007FF856300000), size: 454656 (result: 0), SymType: '-deferred-', PDB: '', fileVersion: 10.0.18362.387
C:\WINDOWS\SYSTEM32\GLU32.dll:GLU32.dll (00007FF839410000), size: 180224 (result: 0), SymType: '-deferred-', PDB: '', fileVersion: 10.0.18362.387
C:\WINDOWS\SYSTEM32\dxcore.dll:dxcore.dll (00007FF853750000), size: 131072 (result: 0), SymType: '-deferred-', PDB: '', fileVersion: 10.0.18362.1316
C:\Program Files (x86)\Steam\gameoverlayrenderer64.dll:gameoverlayrenderer64.dll (00007FFFE3EB0000), size: 2007040 (result: 0), SymType: '-deferred-', PDB: '', fileVersion: 6.35.59.24
C:\WINDOWS\System32\PSAPI.DLL:PSAPI.DLL (00007FF856940000), size: 32768 (result: 0), SymType: '-deferred-', PDB: '', fileVersion: 10.0.18362.1
C:\WINDOWS\system32\uxtheme.dll:uxtheme.dll (00007FF852920000), size: 626688 (result: 0), SymType: '-deferred-', PDB: '', fileVersion: 10.0.18362.1316
C:\Program Files\ASUSTeKcomputer.Inc\Sonic Suite 3\Foundation\x64\SS3DevProps.dll:SS3DevProps.dll (00007FF81D9A0000), size: 520192 (result: 0), SymType: '-deferred-', PDB: ''
C:\WINDOWS\System32\clbcatq.dll:clbcatq.dll (00007FF856C80000), size: 663552 (result: 0), SymType: '-deferred-', PDB: '', fileVersion: 2001.12.10941.16384
C:\WINDOWS\System32\MMDevApi.dll:MMDevApi.dll (00007FF850480000), size: 466944 (result: 0), SymType: '-deferred-', PDB: '', fileVersion: 10.0.18362.1316
C:\WINDOWS\System32\DEVOBJ.dll:DEVOBJ.dll (00007FF854910000), size: 172032 (result: 0), SymType: '-deferred-', PDB: '', fileVersion: 10.0.18362.387
C:\WINDOWS\SYSTEM32\AUDIOSES.DLL:AUDIOSES.DLL (00007FF850790000), size: 1437696 (result: 0), SymType: '-deferred-', PDB: '', fileVersion: 10.0.18362.1350
C:\WINDOWS\SYSTEM32\wintypes.dll:wintypes.dll (00007FF851060000), size: 1384448 (result: 0), SymType: '-deferred-', PDB: '', fileVersion: 10.0.18362.1316
C:\WINDOWS\SYSTEM32\PropSys.dll:PropSys.dll (00007FF850EE0000), size: 983040 (result: 0), SymType: '-deferred-', PDB: '', fileVersion: 7.0.18362.1316
E:\SteamLibrary\steamapps\common\Catch Me If You Can Playtest\MonoBleedingEdge\EmbedRuntime\mono-2.0-bdwgc.dll:mono-2.0-bdwgc.dll (00007FFFE3740000), size: 7782400 (result: 0), SymType: '-deferred-', PDB: ''
C:\WINDOWS\system32\mswsock.dll:mswsock.dll (00007FF854370000), size: 421888 (result: 0), SymType: '-deferred-', PDB: '', fileVersion: 10.0.18362.815
C:\WINDOWS\System32\MSCTF.dll:MSCTF.dll (00007FF856E90000), size: 1265664 (result: 0), SymType: '-deferred-', PDB: '', fileVersion: 10.0.18362.1350
C:\WINDOWS\SYSTEM32\d3d11.dll:d3d11.dll (00007FF851630000), size: 2469888 (result: 0), SymType: '-deferred-', PDB: '', fileVersion: 10.0.18362.1316
C:\WINDOWS\SYSTEM32\dxgi.dll:dxgi.dll (00007FF8538B0000), size: 962560 (result: 0), SymType: '-deferred-', PDB: '', fileVersion: 10.0.18362.1316
C:\WINDOWS\System32\DriverStore\FileRepository\nv_dispi.inf_amd64_aba80042aca9c3c9\nvldumdx.dll:nvldumdx.dll (00007FF837400000), size: 1069056 (result: 0), SymType: '-deferred-', PDB: '', fileVersion: 27.21.14.6140
C:\WINDOWS\SYSTEM32\cryptnet.dll:cryptnet.dll (00007FF84B2B0000), size: 192512 (result: 0), SymType: '-deferred-', PDB: '', fileVersion: 10.0.18362.1
C:\WINDOWS\SYSTEM32\cryptbase.dll:cryptbase.dll (00007FF854540000), size: 49152 (result: 0), SymType: '-deferred-', PDB: '', fileVersion: 10.0.18362.1
C:\WINDOWS\System32\WINTRUST.DLL:WINTRUST.DLL (00007FF855B30000), size: 376832 (result: 0), SymType: '-deferred-', PDB: '', fileVersion: 10.0.18362.1237
C:\WINDOWS\System32\imagehlp.dll:imagehlp.dll (00007FF856C60000), size: 118784 (result: 0), SymType: '-deferred-', PDB: '', fileVersion: 10.0.18362.1
C:\WINDOWS\system32\rsaenh.dll:rsaenh.dll (00007FF853EF0000), size: 208896 (result: 0), SymType: '-deferred-', PDB: '', fileVersion: 10.0.18362.1
C:\WINDOWS\System32\DriverStore\FileRepository\nv_dispi.inf_amd64_aba80042aca9c3c9\nvwgf2umx.dll:nvwgf2umx.dll (00007FFFF9A80000), size: 77426688 (result: 0), SymType: '-deferred-', PDB: '', fileVersion: 27.21.14.6140
C:\WINDOWS\system32\nvspcap64.dll:nvspcap64.dll (00007FF802290000), size: 2854912 (result: 0), SymType: '-deferred-', PDB: '', fileVersion: 3.21.0.36
C:\WINDOWS\SYSTEM32\ntmarta.dll:ntmarta.dll (00007FF853B50000), size: 200704 (result: 0), SymType: '-deferred-', PDB: '', fileVersion: 10.0.18362.1
C:\WINDOWS\system32\wbem\wbemprox.dll:wbemprox.dll (00007FF838F90000), size: 69632 (result: 0), SymType: '-deferred-', PDB: '', fileVersion: 10.0.18362.1171
C:\WINDOWS\SYSTEM32\wbemcomn.dll:wbemcomn.dll (00007FF838F00000), size: 540672 (result: 0), SymType: '-deferred-', PDB: '', fileVersion: 10.0.18362.1
C:\WINDOWS\system32\wbem\wbemsvc.dll:wbemsvc.dll (00007FF838B40000), size: 81920 (result: 0), SymType: '-deferred-', PDB: '', fileVersion: 10.0.18362.1171
C:\WINDOWS\system32\wbem\fastprox.dll:fastprox.dll (00007FF838B60000), size: 1052672 (result: 0), SymType: '-deferred-', PDB: '', fileVersion: 10.0.18362.1
C:\WINDOWS\SYSTEM32\amsi.dll:amsi.dll (00007FF838A80000), size: 94208 (result: 0), SymType: '-deferred-', PDB: '', fileVersion: 10.0.18362.1316
C:\WINDOWS\SYSTEM32\USERENV.dll:USERENV.dll (00007FF854A10000), size: 151552 (result: 0), SymType: '-deferred-', PDB: '', fileVersion: 10.0.18362.1139
C:\Program Files\ESET\ESET Security\eamsi.dll:eamsi.dll (00007FF838A40000), size: 241664 (result: 0), SymType: '-deferred-', PDB: '', fileVersion: 10.16.43.0
C:\WINDOWS\SYSTEM32\resourcepolicyclient.dll:resourcepolicyclient.dll (00007FF852D30000), size: 81920 (result: 0), SymType: '-deferred-', PDB: '', fileVersion: 10.0.18362.959
C:\WINDOWS\SYSTEM32\xinput1_3.dll:xinput1_3.dll (0000000000400000), size: 122880 (result: 0), SymType: '-deferred-', PDB: '', fileVersion: 9.18.944.0
C:\WINDOWS\SYSTEM32\dcomp.dll:dcomp.dll (00007FF851450000), size: 1953792 (result: 0), SymType: '-deferred-', PDB: '', fileVersion: 10.0.18362.1316
C:\WINDOWS\SYSTEM32\dwmapi.dll:dwmapi.dll (00007FF852F40000), size: 184320 (result: 0), SymType: '-deferred-', PDB: '', fileVersion: 10.0.18362.1316
C:\WINDOWS\SYSTEM32\TextInputFramework.dll:TextInputFramework.dll (00007FF8371B0000), size: 643072 (result: 0), SymType: '-deferred-', PDB: '', fileVersion: 10.0.18362.1316
C:\WINDOWS\SYSTEM32\CoreMessaging.dll:CoreMessaging.dll (00007FF852620000), size: 868352 (result: 0), SymType: '-deferred-', PDB: '', fileVersion: 10.0.18362.1316
C:\WINDOWS\SYSTEM32\CoreUIComponents.dll:CoreUIComponents.dll (00007FF84AD70000), size: 3317760 (result: 0), SymType: '-deferred-', PDB: '', fileVersion: 10.0.18362.1110
C:\Windows\System32\Windows.UI.dll:Windows.UI.dll (00007FF837250000), size: 1347584 (result: 0), SymType: '-deferred-', PDB: '', fileVersion: 10.0.18362.1316
C:\Windows\System32\InputHost.dll:InputHost.dll (00007FF837070000), size: 1163264 (result: 0), SymType: '-deferred-', PDB: '', fileVersion: 10.0.18362.1316
E:\SteamLibrary\steamapps\common\Catch Me If You Can Playtest\CatchMeIfYouCan_Data\Plugins\x86_64\steam_api64.dll:steam_api64.dll (00007FF8393C0000), size: 278528 (result: 0), SymType: '-deferred-', PDB: '', fileVersion: 5.69.73.98
C:\Program Files (x86)\Steam\steamclient64.dll:steamclient64.dll (00007FFFCBB70000), size: 21164032 (result: 0), SymType: '-deferred-', PDB: '', fileVersion: 6.35.59.24
C:\WINDOWS\SYSTEM32\IPHLPAPI.DLL:IPHLPAPI.DLL (00007FF854080000), size: 237568 (result: 0), SymType: '-deferred-', PDB: '', fileVersion: 10.0.18362.1
C:\Program Files (x86)\Steam\vstdlib_s64.dll:vstdlib_s64.dll (00007FF839340000), size: 507904 (result: 0), SymType: '-deferred-', PDB: '', fileVersion: 6.35.59.24
C:\WINDOWS\SYSTEM32\Secur32.dll:Secur32.dll (00007FF84B4A0000), size: 49152 (result: 0), SymType: '-deferred-', PDB: '', fileVersion: 10.0.18362.1
C:\Program Files (x86)\Steam\tier0_s64.dll:tier0_s64.dll (00007FFFE33C0000), size: 3661824 (result: 0), SymType: '-deferred-', PDB: '', fileVersion: 6.35.59.24
C:\WINDOWS\SYSTEM32\SSPICLI.DLL:SSPICLI.DLL (00007FF854A40000), size: 225280 (result: 0), SymType: '-deferred-', PDB: '', fileVersion: 10.0.18362.1049
E:\SteamLibrary\steamapps\common\Catch Me If You Can Playtest\CatchMeIfYouCan_Data\Plugins\x86_64\discord_game_sdk.dll:discord_game_sdk.dll (00007FFFE3000000), size: 3899392 (result: 0), SymType: '-deferred-', PDB: ''
C:\WINDOWS\SYSTEM32\ktmw32.dll:ktmw32.dll (00007FF8448A0000), size: 45056 (result: 0), SymType: '-deferred-', PDB: '', fileVersion: 10.0.18362.1
C:\WINDOWS\SYSTEM32\dbghelp.dll:dbghelp.dll (00007FF853370000), size: 2048000 (result: 0), SymType: '-deferred-', PDB: '', fileVersion: 10.0.18362.1049

========== OUTPUTTING STACK TRACE ==================

  ERROR: SymGetSymFromAddr64, GetLastError: 'Tentative d’accès à une adresse non valide.' (Address: 00007FFFCD3ED450)
0x00007FFFCD3ED450 (UnityPlayer) (function-name not available)
  ERROR: SymGetSymFromAddr64, GetLastError: 'Tentative d’accès à une adresse non valide.' (Address: 00007FFFCD401388)
0x00007FFFCD401388 (UnityPlayer) (function-name not available)
  ERROR: SymGetSymFromAddr64, GetLastError: 'Tentative d’accès à une adresse non valide.' (Address: 00007FFFCD3EFA1B)
0x00007FFFCD3EFA1B (UnityPlayer) (function-name not available)
  ERROR: SymGetSymFromAddr64, GetLastError: 'Tentative d’accès à une adresse non valide.' (Address: 00007FFFCD49EFC5)
0x00007FFFCD49EFC5 (UnityPlayer) (function-name not available)
  ERROR: SymGetSymFromAddr64, GetLastError: 'Tentative d’accès à une adresse non valide.' (Address: 00007FFFCD4A5CCD)
0x00007FFFCD4A5CCD (UnityPlayer) (function-name not available)
  ERROR: SymGetSymFromAddr64, GetLastError: 'Tentative d’accès à une adresse non valide.' (Address: 00007FFFCD4A5DA8)
0x00007FFFCD4A5DA8 (UnityPlayer) (function-name not available)
0x00007FFFCD7C9A38 (UnityPlayer) UnityMain
0x00007FF8561B7C24 (KERNEL32) BaseThreadInitThunk
0x00007FF857CED721 (ntdll) RtlUserThreadStart

========== END OF STACKTRACE ===========

A crash has been intercepted by the crash handler. For call stack and other details, see the latest crash report generated in:
 * C:/Users/PROPRI~1/AppData/Local/Temp/Glorified Studios/Catch Me If You Can/Crashes
